[INFO] Tests run: 4, Failures: 0, Errors: 0, Skipped: 0, Time elapsed: 1.571 s -- in edu.fbansept.e3tp25.integration.CoursServiceIntegrationTest
[INFO] Running edu.fbansept.e3tp25.service.CoursServiceTest
[ERROR] Tests run: 4, Failures: 0, Errors: 1, Skipped: 0, Time elapsed: 1.062 s <<< FAILURE! -- in edu.fbansept.e3tp25.service.CoursServiceTest
[ERROR] edu.fbansept.e3tp25.service.CoursServiceTest.testConflitProfesseur -- Time elapsed: 0.944 s <<< ERROR!
org.mockito.exceptions.misusing.UnnecessaryStubbingException:

Unnecessary stubbings detected.
Clean & maintainable test code requires zero unnecessary code.
Following stubbings are unnecessary (click to navigate to relevant line of code):
  1. -> at edu.fbansept.e3tp25.service.CoursServiceTest.testConflitProfesseur(CoursServiceTest.java:146)
Please remove unnecessary stubbings or use 'lenient' strictness. More info: javadoc for UnnecessaryStubbingException class.
        at org.mockito.junit.jupiter.MockitoExtension.lambda$afterEach$2(MockitoExtension.java:200)
        at java.base/java.util.Optional.ifPresent(Optional.java:178)
        at org.mockito.junit.jupiter.MockitoExtension.afterEach(MockitoExtension.java:198)
        at java.base/java.util.ArrayList.forEach(ArrayList.java:1511)
        at java.base/java.util.ArrayList.forEach(ArrayList.java:1511)

[INFO] Running edu.fbansept.e3tp25.unitaire.EtudiantControllerTest
[INFO] Tests run: 2, Failures: 0, Errors: 0, Skipped: 0, Time elapsed: 0.014 s -- in edu.fbansept.e3tp25.unitaire.EtudiantControllerTest
[INFO] 
[INFO] Results:
[INFO]
[ERROR] Failures: 
[ERROR]   CoursControllerIntegrationTest.testGetAllCours:138 Le résultat doit contenir le cours 1 ==> expected: <true> but was: <false>
[ERROR]   CoursControllerIntegrationTest.testGetAllPresentiel:154 Le résultat doit contenir le cours présentiel 1 ==> expected: <true> but was: <false>
[ERROR] Errors: 
[ERROR]   CoursServiceTest.testConflitProfesseur » UnnecessaryStubbing 
Unnecessary stubbings detected.
Clean & maintainable test code requires zero unnecessary code.
Following stubbings are unnecessary (click to navigate to relevant line of code):
  1. -> at edu.fbansept.e3tp25.service.CoursServiceTest.testConflitProfesseur(CoursServiceTest.java:146)
Please remove unnecessary stubbings or use 'lenient' strictness. More info: javadoc for UnnecessaryStubbingException class.
[INFO]
[ERROR] Tests run: 16, Failures: 2, Errors: 1, Skipped: 0
[INFO]
[INFO] ------------------------------------------------------------------------
[INFO] BUILD FAILURE
[INFO] ------------------------------------------------------------------------
[INFO] Total time:  20.906 s
[INFO] Finished at: 2025-06-13T12:44:14+02:00
[INFO] ------------------------------------------------------------------------
[ERROR] Failed to execute goal org.apache.maven.plugins:maven-surefire-plugin:3.5.3:test (default-test) on project e3-tp-25: There are test failures.
[ERROR]
[ERROR] See C:\wamp64\www\e3-tp-25\target\surefire-reports for the individual test results.
[ERROR] See dump files (if any exist) [date].dump, [date]-jvmRun[N].dump and [date].dumpstream.
[ERROR] -> [Help 1]
[ERROR]
[ERROR] To see the full stack trace of the errors, re-run Maven with the -e switch.
[ERROR] Re-run Maven using the -X switch to enable full debug logging.
[ERROR]
[ERROR] For more information about the errors and possible solutions, please read the following articles: